<?xml version="1.0" encoding="UTF-8"?>
<!-- Generated by org.testng.reporters.JUnitReportReporter -->
<testsuite hostname="DESKTOP-TL25OI3" failures="0" tests="1" name="com.adf.tests.LoginTest" time="10.577" errors="0" timestamp="2025-05-19T15:12:57 IST" skipped="0">
  <testcase classname="com.adf.tests.LoginTest" name="validLoginTest" time="10.577"/>
</testsuite> <!-- com.adf.tests.LoginTest -->
