<?xml version="1.0" encoding="UTF-8"?>
<!-- Generated by org.testng.reporters.JUnitReportReporter -->
<testsuite hostname="NShaik" failures="0" tests="1" name="com.adf.tests.LoginTest" time="6.619" errors="0" timestamp="2025-05-20T17:59:37 IST" skipped="0">
  <testcase classname="com.adf.tests.LoginTest" name="validLoginTest" time="6.619"/>
</testsuite> <!-- com.adf.tests.LoginTest -->
