<?xml version="1.0" encoding="UTF-8"?>
<!-- Generated by org.testng.reporters.JUnitReportReporter -->
<testsuite hostname="NShaik" failures="0" tests="1" name="com.adf.tests.LoginTest" time="6.885" errors="0" timestamp="2025-05-22T16:14:09 IST" skipped="0">
  <testcase classname="com.adf.tests.LoginTest" name="validLoginTest" time="6.885"/>
</testsuite> <!-- com.adf.tests.LoginTest -->
