<?xml version="1.0" encoding="UTF-8"?>
<!-- Generated by org.testng.reporters.JUnitReportReporter -->
<testsuite hostname="NShaik" failures="0" tests="1" name="com.adf.tests.DashBoardLogoutTest" time="33.587" errors="0" timestamp="2025-05-23T17:31:33 IST" skipped="0">
  <testcase classname="com.adf.tests.DashBoardLogoutTest" name="logoutTest" time="33.587"/>
</testsuite> <!-- com.adf.tests.DashBoardLogoutTest -->
