<?xml version="1.0" encoding="UTF-8"?>
<!-- Generated by org.testng.reporters.JUnitReportReporter -->
<testsuite hostname="NShaik" failures="0" tests="1" name="com.adf.tests.DashBoardLogoutTest" time="28.533" errors="0" timestamp="2025-05-22T18:38:37 IST" skipped="0">
  <testcase classname="com.adf.tests.DashBoardLogoutTest" name="logoutTest" time="28.533"/>
</testsuite> <!-- com.adf.tests.DashBoardLogoutTest -->
