<?xml version="1.0" encoding="UTF-8"?>
<!-- Generated by org.testng.reporters.JUnitReportReporter -->
<testsuite hostname="NShaik" failures="0" tests="1" name="com.adf.tests.LoginTest" time="7.277" errors="0" timestamp="2025-05-22T17:26:48 IST" skipped="0">
  <testcase classname="com.adf.tests.LoginTest" name="validLoginTest" time="7.277"/>
</testsuite> <!-- com.adf.tests.LoginTest -->
