<?xml version="1.0" encoding="UTF-8"?>
<!-- Generated by org.testng.reporters.JUnitReportReporter -->
<testsuite hostname="NShaik" failures="0" tests="1" name="com.adf.tests.LibraryPageTest" time="47.638" errors="0" timestamp="2025-05-22T16:14:09 IST" skipped="0">
  <testcase classname="com.adf.tests.LibraryPageTest" name="clicklibrary" time="47.638"/>
</testsuite> <!-- com.adf.tests.LibraryPageTest -->
