<?xml version="1.0" encoding="UTF-8"?>
<!-- Generated by org.testng.reporters.JUnitReportReporter -->
<testsuite hostname="NShaik" failures="0" tests="1" name="com.adf.tests.DashBoardLogoutTest" time="15.341" errors="0" timestamp="2025-05-20T17:59:37 IST" skipped="0">
  <testcase classname="com.adf.tests.DashBoardLogoutTest" name="logoutTest" time="15.341"/>
</testsuite> <!-- com.adf.tests.DashBoardLogoutTest -->
