<?xml version="1.0" encoding="UTF-8"?>
<!-- Generated by org.testng.reporters.JUnitReportReporter -->
<testsuite hostname="DESKTOP-TL25OI3" failures="0" tests="1" name="com.adf.tests.RegistrationTest" time="11.243" errors="0" timestamp="2025-05-14T19:33:03 IST" skipped="0">
  <testcase classname="com.adf.tests.RegistrationTest" name="registerAndPurchaseProduct" time="11.243"/>
</testsuite> <!-- com.adf.tests.RegistrationTest -->
